0 verbose cli C:\Program Files\nodejs\node.exe C:\Users\mikem\.npm-global\node_modules\npm\bin\npm-cli.js
1 info using npm@10.8.2
2 info using node@v20.11.1
3 silly config load:file:C:\Users\mikem\.npm-global\node_modules\npm\npmrc
4 silly config load:file:C:\Users\mikem\.npmrc
5 silly config load:file:C:\Users\mikem\.npm-global\etc\npmrc
6 verbose title npm install serve
7 verbose argv "install" "--global" "serve"
8 verbose logfile logs-max:10 dir:C:\Users\mikem\Desktop\Evangadi\Final-Projects\Functional-Scope-and-Design\Evangadi-Forum\client\Usersmikem.npm\_logs\2024-07-31T03_11_13_367Z-
9 verbose logfile C:\Users\mikem\Desktop\Evangadi\Final-Projects\Functional-Scope-and-Design\Evangadi-Forum\client\Usersmikem.npm\_logs\2024-07-31T03_11_13_367Z-debug-0.log
10 silly packumentCache heap:4345298944 maxSize:1086324736 maxEntrySize:543162368
11 silly logfile start cleaning logs, removing 2 files
12 silly idealTree buildDeps
13 silly fetch manifest serve@*
14 silly packumentCache full:https://registry.npmjs.org/serve cache-miss
15 silly logfile done cleaning log files
16 http fetch GET 200 https://registry.npmjs.org/serve 451ms (cache miss)
17 silly packumentCache full:https://registry.npmjs.org/serve set size:undefined disposed:false
18 silly placeDep ROOT serve@14.2.3 OK for:  want: *
19 silly fetch manifest ajv@8.12.0
20 silly packumentCache full:https://registry.npmjs.org/ajv cache-miss
21 silly fetch manifest arg@5.0.2
22 silly packumentCache full:https://registry.npmjs.org/arg cache-miss
23 silly fetch manifest boxen@7.0.0
24 silly packumentCache full:https://registry.npmjs.org/boxen cache-miss
25 silly fetch manifest chalk@5.0.1
26 silly packumentCache full:https://registry.npmjs.org/chalk cache-miss
27 silly fetch manifest clipboardy@3.0.0
28 silly packumentCache full:https://registry.npmjs.org/clipboardy cache-miss
29 silly fetch manifest compression@1.7.4
30 silly packumentCache full:https://registry.npmjs.org/compression cache-miss
31 silly fetch manifest update-check@1.5.4
32 silly packumentCache full:https://registry.npmjs.org/update-check cache-miss
33 silly fetch manifest @zeit/schemas@2.36.0
34 silly packumentCache full:https://registry.npmjs.org/@zeit%2fschemas cache-miss
35 silly fetch manifest serve-handler@6.1.5
36 silly packumentCache full:https://registry.npmjs.org/serve-handler cache-miss
37 silly fetch manifest chalk-template@0.4.0
38 silly packumentCache full:https://registry.npmjs.org/chalk-template cache-miss
39 silly fetch manifest is-port-reachable@4.0.0
40 silly packumentCache full:https://registry.npmjs.org/is-port-reachable cache-miss
41 http fetch GET 200 https://registry.npmjs.org/ajv 120ms (cache miss)
42 silly packumentCache full:https://registry.npmjs.org/ajv set size:undefined disposed:false
43 http fetch GET 200 https://registry.npmjs.org/arg 163ms (cache miss)
44 silly packumentCache full:https://registry.npmjs.org/arg set size:undefined disposed:false
45 http fetch GET 200 https://registry.npmjs.org/clipboardy 171ms (cache miss)
46 silly packumentCache full:https://registry.npmjs.org/clipboardy set size:undefined disposed:false
47 http fetch GET 200 https://registry.npmjs.org/boxen 174ms (cache miss)
48 silly packumentCache full:https://registry.npmjs.org/boxen set size:undefined disposed:false
49 http fetch GET 200 https://registry.npmjs.org/chalk-template 186ms (cache miss)
50 silly packumentCache full:https://registry.npmjs.org/chalk-template set size:undefined disposed:false
51 http fetch GET 200 https://registry.npmjs.org/is-port-reachable 188ms (cache miss)
52 silly packumentCache full:https://registry.npmjs.org/is-port-reachable set size:undefined disposed:false
53 http fetch GET 200 https://registry.npmjs.org/chalk 199ms (cache miss)
54 silly packumentCache full:https://registry.npmjs.org/chalk set size:undefined disposed:false
55 http fetch GET 200 https://registry.npmjs.org/update-check 206ms (cache miss)
56 silly packumentCache full:https://registry.npmjs.org/update-check set size:undefined disposed:false
57 http fetch GET 200 https://registry.npmjs.org/compression 212ms (cache miss)
58 silly packumentCache full:https://registry.npmjs.org/compression set size:undefined disposed:false
59 http fetch GET 200 https://registry.npmjs.org/serve-handler 217ms (cache miss)
60 silly packumentCache full:https://registry.npmjs.org/serve-handler set size:undefined disposed:false
61 http fetch GET 200 https://registry.npmjs.org/@zeit%2fschemas 229ms (cache miss)
62 silly packumentCache full:https://registry.npmjs.org/@zeit%2fschemas set size:undefined disposed:false
63 silly placeDep node_modules/serve @zeit/schemas@2.36.0 OK for: serve@14.2.3 want: 2.36.0
64 silly placeDep node_modules/serve ajv@8.12.0 OK for: serve@14.2.3 want: 8.12.0
65 silly placeDep node_modules/serve arg@5.0.2 OK for: serve@14.2.3 want: 5.0.2
66 silly placeDep node_modules/serve boxen@7.0.0 OK for: serve@14.2.3 want: 7.0.0
67 silly placeDep node_modules/serve chalk@5.0.1 OK for: serve@14.2.3 want: 5.0.1
68 silly placeDep node_modules/serve chalk-template@0.4.0 OK for: serve@14.2.3 want: 0.4.0
69 silly placeDep node_modules/serve clipboardy@3.0.0 OK for: serve@14.2.3 want: 3.0.0
70 silly placeDep node_modules/serve compression@1.7.4 OK for: serve@14.2.3 want: 1.7.4
71 silly placeDep node_modules/serve is-port-reachable@4.0.0 OK for: serve@14.2.3 want: 4.0.0
72 silly placeDep node_modules/serve serve-handler@6.1.5 OK for: serve@14.2.3 want: 6.1.5
73 silly placeDep node_modules/serve update-check@1.5.4 OK for: serve@14.2.3 want: 1.5.4
74 silly fetch manifest uri-js@^4.2.2
75 silly packumentCache full:https://registry.npmjs.org/uri-js cache-miss
76 silly fetch manifest fast-deep-equal@^3.1.1
77 silly packumentCache full:https://registry.npmjs.org/fast-deep-equal cache-miss
78 silly fetch manifest require-from-string@^2.0.2
79 silly packumentCache full:https://registry.npmjs.org/require-from-string cache-miss
80 silly fetch manifest json-schema-traverse@^1.0.0
81 silly packumentCache full:https://registry.npmjs.org/json-schema-traverse cache-miss
82 silly fetch manifest chalk@^5.0.1
83 silly packumentCache full:https://registry.npmjs.org/chalk cache-miss
84 silly fetch manifest camelcase@^7.0.0
85 silly packumentCache full:https://registry.npmjs.org/camelcase cache-miss
86 silly fetch manifest cli-boxes@^3.0.0
87 silly packumentCache full:https://registry.npmjs.org/cli-boxes cache-miss
88 silly fetch manifest type-fest@^2.13.0
89 silly packumentCache full:https://registry.npmjs.org/type-fest cache-miss
90 silly fetch manifest wrap-ansi@^8.0.1
91 silly packumentCache full:https://registry.npmjs.org/wrap-ansi cache-miss
92 silly fetch manifest ansi-align@^3.0.1
93 silly packumentCache full:https://registry.npmjs.org/ansi-align cache-miss
94 silly fetch manifest widest-line@^4.0.1
95 silly packumentCache full:https://registry.npmjs.org/widest-line cache-miss
96 http fetch GET 200 https://registry.npmjs.org/chalk 25ms (cache hit)
97 silly packumentCache full:https://registry.npmjs.org/chalk set size:141442 disposed:false
98 silly fetch manifest string-width@^5.1.2
99 silly packumentCache full:https://registry.npmjs.org/string-width cache-miss
100 http fetch GET 200 https://registry.npmjs.org/ansi-align 101ms (cache miss)
101 silly packumentCache full:https://registry.npmjs.org/ansi-align set size:undefined disposed:false
102 silly fetch manifest chalk@^4.1.2
103 silly packumentCache full:https://registry.npmjs.org/chalk cache-hit
104 silly fetch manifest arch@^2.2.0
105 silly packumentCache full:https://registry.npmjs.org/arch cache-miss
106 http fetch GET 200 https://registry.npmjs.org/cli-boxes 110ms (cache miss)
107 silly packumentCache full:https://registry.npmjs.org/cli-boxes set size:undefined disposed:false
108 silly fetch manifest execa@^5.1.1
109 silly packumentCache full:https://registry.npmjs.org/execa cache-miss
110 http fetch GET 200 https://registry.npmjs.org/uri-js 117ms (cache miss)
111 silly packumentCache full:https://registry.npmjs.org/uri-js set size:undefined disposed:false
112 silly fetch manifest is-wsl@^2.2.0
113 silly packumentCache full:https://registry.npmjs.org/is-wsl cache-miss
114 http fetch GET 200 https://registry.npmjs.org/widest-line 116ms (cache miss)
115 silly packumentCache full:https://registry.npmjs.org/widest-line set size:undefined disposed:false
116 silly fetch manifest vary@~1.1.2
117 silly packumentCache full:https://registry.npmjs.org/vary cache-miss
118 http fetch GET 200 https://registry.npmjs.org/require-from-string 122ms (cache miss)
119 silly packumentCache full:https://registry.npmjs.org/require-from-string set size:undefined disposed:false
120 silly fetch manifest bytes@3.0.0
121 silly packumentCache full:https://registry.npmjs.org/bytes cache-miss
122 http fetch GET 200 https://registry.npmjs.org/json-schema-traverse 126ms (cache miss)
123 silly packumentCache full:https://registry.npmjs.org/json-schema-traverse set size:undefined disposed:false
124 silly fetch manifest debug@2.6.9
125 silly packumentCache full:https://registry.npmjs.org/debug cache-miss
126 http fetch GET 200 https://registry.npmjs.org/string-width 104ms (cache miss)
127 silly packumentCache full:https://registry.npmjs.org/string-width set size:undefined disposed:false
128 silly fetch manifest accepts@~1.3.5
129 silly packumentCache full:https://registry.npmjs.org/accepts cache-miss
130 http fetch GET 200 https://registry.npmjs.org/fast-deep-equal 137ms (cache miss)
131 silly packumentCache full:https://registry.npmjs.org/fast-deep-equal set size:undefined disposed:false
132 silly fetch manifest on-headers@~1.0.2
133 silly packumentCache full:https://registry.npmjs.org/on-headers cache-miss
134 http fetch GET 200 https://registry.npmjs.org/wrap-ansi 136ms (cache miss)
135 silly packumentCache full:https://registry.npmjs.org/wrap-ansi set size:undefined disposed:false
136 silly fetch manifest safe-buffer@5.1.2
137 silly packumentCache full:https://registry.npmjs.org/safe-buffer cache-miss
138 http fetch GET 200 https://registry.npmjs.org/camelcase 139ms (cache miss)
139 silly packumentCache full:https://registry.npmjs.org/camelcase set size:undefined disposed:false
140 silly fetch manifest compressible@~2.0.16
141 silly packumentCache full:https://registry.npmjs.org/compressible cache-miss
142 http fetch GET 200 https://registry.npmjs.org/type-fest 147ms (cache miss)
143 silly packumentCache full:https://registry.npmjs.org/type-fest set size:undefined disposed:false
144 silly fetch manifest bytes@3.0.0
145 silly packumentCache full:https://registry.npmjs.org/bytes cache-miss
146 http fetch GET 200 https://registry.npmjs.org/arch 56ms (cache miss)
147 silly packumentCache full:https://registry.npmjs.org/arch set size:undefined disposed:false
148 silly fetch manifest content-disposition@0.5.2
149 silly packumentCache full:https://registry.npmjs.org/content-disposition cache-miss
150 http fetch GET 200 https://registry.npmjs.org/is-wsl 179ms (cache miss)
151 silly packumentCache full:https://registry.npmjs.org/is-wsl set size:undefined disposed:false
152 silly fetch manifest fast-url-parser@1.1.3
153 silly packumentCache full:https://registry.npmjs.org/fast-url-parser cache-miss
154 http fetch GET 200 https://registry.npmjs.org/on-headers 164ms (cache miss)
155 silly packumentCache full:https://registry.npmjs.org/on-headers set size:undefined disposed:false
156 silly fetch manifest mime-types@2.1.18
157 silly packumentCache full:https://registry.npmjs.org/mime-types cache-miss
158 http fetch GET 200 https://registry.npmjs.org/vary 183ms (cache miss)
159 silly packumentCache full:https://registry.npmjs.org/vary set size:undefined disposed:false
160 silly fetch manifest minimatch@3.1.2
161 silly packumentCache full:https://registry.npmjs.org/minimatch cache-miss
162 http fetch GET 200 https://registry.npmjs.org/execa 196ms (cache miss)
163 silly packumentCache full:https://registry.npmjs.org/execa set size:undefined disposed:false
164 silly fetch manifest path-is-inside@1.0.2
165 silly packumentCache full:https://registry.npmjs.org/path-is-inside cache-miss
166 http fetch GET 200 https://registry.npmjs.org/bytes 161ms (cache miss)
167 silly packumentCache full:https://registry.npmjs.org/bytes set size:undefined disposed:false
168 silly fetch manifest path-to-regexp@2.2.1
169 silly packumentCache full:https://registry.npmjs.org/path-to-regexp cache-miss
170 http fetch GET 200 https://registry.npmjs.org/bytes 197ms (cache miss)
171 silly packumentCache full:https://registry.npmjs.org/bytes set size:undefined disposed:false
172 silly fetch manifest range-parser@1.2.0
173 silly packumentCache full:https://registry.npmjs.org/range-parser cache-miss
174 http fetch GET 200 https://registry.npmjs.org/compressible 181ms (cache miss)
175 silly packumentCache full:https://registry.npmjs.org/compressible set size:undefined disposed:false
176 silly fetch manifest registry-auth-token@3.3.2
177 silly packumentCache full:https://registry.npmjs.org/registry-auth-token cache-miss
178 http fetch GET 200 https://registry.npmjs.org/safe-buffer 188ms (cache miss)
179 silly packumentCache full:https://registry.npmjs.org/safe-buffer set size:undefined disposed:false
180 silly fetch manifest registry-url@3.1.0
181 silly packumentCache full:https://registry.npmjs.org/registry-url cache-miss
182 http fetch GET 200 https://registry.npmjs.org/content-disposition 168ms (cache miss)
183 silly packumentCache full:https://registry.npmjs.org/content-disposition set size:undefined disposed:false
184 http fetch GET 200 https://registry.npmjs.org/accepts 203ms (cache miss)
185 silly packumentCache full:https://registry.npmjs.org/accepts set size:undefined disposed:false
186 http fetch GET 200 https://registry.npmjs.org/debug 216ms (cache miss)
187 silly packumentCache full:https://registry.npmjs.org/debug set size:undefined disposed:false
188 http fetch GET 200 https://registry.npmjs.org/fast-url-parser 66ms (cache miss)
189 silly packumentCache full:https://registry.npmjs.org/fast-url-parser set size:undefined disposed:false
190 http fetch GET 200 https://registry.npmjs.org/mime-types 70ms (cache miss)
191 silly packumentCache full:https://registry.npmjs.org/mime-types set size:undefined disposed:false
192 http fetch GET 200 https://registry.npmjs.org/path-to-regexp 68ms (cache miss)
193 silly packumentCache full:https://registry.npmjs.org/path-to-regexp set size:undefined disposed:false
194 http fetch GET 200 https://registry.npmjs.org/path-is-inside 78ms (cache miss)
195 silly packumentCache full:https://registry.npmjs.org/path-is-inside set size:undefined disposed:false
196 http fetch GET 200 https://registry.npmjs.org/minimatch 87ms (cache miss)
197 silly packumentCache full:https://registry.npmjs.org/minimatch set size:undefined disposed:false
198 http fetch GET 200 https://registry.npmjs.org/registry-url 66ms (cache miss)
199 silly packumentCache full:https://registry.npmjs.org/registry-url set size:undefined disposed:false
200 http fetch GET 200 https://registry.npmjs.org/range-parser 74ms (cache miss)
201 silly packumentCache full:https://registry.npmjs.org/range-parser set size:undefined disposed:false
202 http fetch GET 200 https://registry.npmjs.org/registry-auth-token 113ms (cache miss)
203 silly packumentCache full:https://registry.npmjs.org/registry-auth-token set size:undefined disposed:false
204 silly placeDep node_modules/serve fast-deep-equal@3.1.3 OK for: ajv@8.12.0 want: ^3.1.1
205 silly placeDep node_modules/serve json-schema-traverse@1.0.0 OK for: ajv@8.12.0 want: ^1.0.0
206 silly placeDep node_modules/serve require-from-string@2.0.2 OK for: ajv@8.12.0 want: ^2.0.2
207 silly placeDep node_modules/serve uri-js@4.4.1 OK for: ajv@8.12.0 want: ^4.2.2
208 silly fetch manifest punycode@^2.1.0
209 silly packumentCache full:https://registry.npmjs.org/punycode cache-miss
210 http fetch GET 200 https://registry.npmjs.org/punycode 53ms (cache miss)
211 silly packumentCache full:https://registry.npmjs.org/punycode set size:undefined disposed:false
212 silly placeDep node_modules/serve ansi-align@3.0.1 OK for: boxen@7.0.0 want: ^3.0.1
213 silly placeDep node_modules/serve camelcase@7.0.1 OK for: boxen@7.0.0 want: ^7.0.0
214 silly placeDep node_modules/serve cli-boxes@3.0.0 OK for: boxen@7.0.0 want: ^3.0.0
215 silly placeDep node_modules/serve string-width@5.1.2 OK for: boxen@7.0.0 want: ^5.1.2
216 silly placeDep node_modules/serve type-fest@2.19.0 OK for: boxen@7.0.0 want: ^2.13.0
217 silly placeDep node_modules/serve widest-line@4.0.1 OK for: boxen@7.0.0 want: ^4.0.1
218 silly placeDep node_modules/serve wrap-ansi@8.1.0 OK for: boxen@7.0.0 want: ^8.0.1
219 silly fetch manifest string-width@^4.1.0
220 silly packumentCache full:https://registry.npmjs.org/string-width cache-miss
221 silly fetch manifest strip-ansi@^7.0.1
222 silly packumentCache full:https://registry.npmjs.org/strip-ansi cache-miss
223 silly fetch manifest emoji-regex@^9.2.2
224 silly packumentCache full:https://registry.npmjs.org/emoji-regex cache-miss
225 silly fetch manifest eastasianwidth@^0.2.0
226 silly packumentCache full:https://registry.npmjs.org/eastasianwidth cache-miss
227 silly fetch manifest ansi-styles@^6.1.0
228 silly packumentCache full:https://registry.npmjs.org/ansi-styles cache-miss
229 silly fetch manifest strip-ansi@^7.0.1
230 silly packumentCache full:https://registry.npmjs.org/strip-ansi cache-miss
231 http fetch GET 200 https://registry.npmjs.org/string-width 17ms (cache hit)
232 silly packumentCache full:https://registry.npmjs.org/string-width set size:61460 disposed:false
233 http fetch GET 200 https://registry.npmjs.org/strip-ansi 60ms (cache miss)
234 silly packumentCache full:https://registry.npmjs.org/strip-ansi set size:undefined disposed:false
235 http fetch GET 200 https://registry.npmjs.org/strip-ansi 58ms (cache miss)
236 silly packumentCache full:https://registry.npmjs.org/strip-ansi set size:undefined disposed:false
237 http fetch GET 200 https://registry.npmjs.org/ansi-styles 68ms (cache miss)
238 silly packumentCache full:https://registry.npmjs.org/ansi-styles set size:undefined disposed:false
239 http fetch GET 200 https://registry.npmjs.org/eastasianwidth 71ms (cache miss)
240 silly packumentCache full:https://registry.npmjs.org/eastasianwidth set size:undefined disposed:false
241 http fetch GET 200 https://registry.npmjs.org/emoji-regex 76ms (cache miss)
242 silly packumentCache full:https://registry.npmjs.org/emoji-regex set size:undefined disposed:false
243 silly placeDep node_modules/serve/node_modules/ansi-align string-width@4.2.3 OK for: ansi-align@3.0.1 want: ^4.1.0
244 silly fetch manifest strip-ansi@^6.0.1
245 silly packumentCache full:https://registry.npmjs.org/strip-ansi cache-miss
246 silly fetch manifest emoji-regex@^8.0.0
247 silly packumentCache full:https://registry.npmjs.org/emoji-regex cache-miss
248 silly fetch manifest is-fullwidth-code-point@^3.0.0
249 silly packumentCache full:https://registry.npmjs.org/is-fullwidth-code-point cache-miss
250 http fetch GET 200 https://registry.npmjs.org/strip-ansi 16ms (cache hit)
251 silly packumentCache full:https://registry.npmjs.org/strip-ansi set size:43180 disposed:false
252 http fetch GET 200 https://registry.npmjs.org/emoji-regex 17ms (cache hit)
253 silly packumentCache full:https://registry.npmjs.org/emoji-regex set size:82895 disposed:false
254 http fetch GET 200 https://registry.npmjs.org/is-fullwidth-code-point 59ms (cache miss)
255 silly packumentCache full:https://registry.npmjs.org/is-fullwidth-code-point set size:undefined disposed:false
256 silly placeDep node_modules/serve/node_modules/chalk-template chalk@4.1.2 OK for: chalk-template@0.4.0 want: ^4.1.2
257 silly fetch manifest ansi-styles@^4.1.0
258 silly packumentCache full:https://registry.npmjs.org/ansi-styles cache-miss
259 silly fetch manifest supports-color@^7.1.0
260 silly packumentCache full:https://registry.npmjs.org/supports-color cache-miss
261 http fetch GET 200 https://registry.npmjs.org/ansi-styles 8ms (cache hit)
262 silly packumentCache full:https://registry.npmjs.org/ansi-styles set size:66356 disposed:false
263 http fetch GET 200 https://registry.npmjs.org/supports-color 60ms (cache miss)
264 silly packumentCache full:https://registry.npmjs.org/supports-color set size:undefined disposed:false
265 silly placeDep node_modules/serve arch@2.2.0 OK for: clipboardy@3.0.0 want: ^2.2.0
266 silly placeDep node_modules/serve execa@5.1.1 OK for: clipboardy@3.0.0 want: ^5.1.1
267 silly placeDep node_modules/serve is-wsl@2.2.0 OK for: clipboardy@3.0.0 want: ^2.2.0
268 silly fetch manifest onetime@^5.1.2
269 silly packumentCache full:https://registry.npmjs.org/onetime cache-miss
270 silly fetch manifest is-stream@^2.0.0
271 silly packumentCache full:https://registry.npmjs.org/is-stream cache-miss
272 silly fetch manifest get-stream@^6.0.0
273 silly packumentCache full:https://registry.npmjs.org/get-stream cache-miss
274 silly fetch manifest cross-spawn@^7.0.3
275 silly packumentCache full:https://registry.npmjs.org/cross-spawn cache-miss
276 silly fetch manifest signal-exit@^3.0.3
277 silly packumentCache full:https://registry.npmjs.org/signal-exit cache-miss
278 silly fetch manifest merge-stream@^2.0.0
279 silly packumentCache full:https://registry.npmjs.org/merge-stream cache-miss
280 silly fetch manifest npm-run-path@^4.0.1
281 silly packumentCache full:https://registry.npmjs.org/npm-run-path cache-miss
282 silly fetch manifest human-signals@^2.1.0
283 silly packumentCache full:https://registry.npmjs.org/human-signals cache-miss
284 silly fetch manifest strip-final-newline@^2.0.0
285 silly packumentCache full:https://registry.npmjs.org/strip-final-newline cache-miss
286 silly fetch manifest is-docker@^2.0.0
287 silly packumentCache full:https://registry.npmjs.org/is-docker cache-miss
288 http fetch GET 200 https://registry.npmjs.org/is-stream 71ms (cache miss)
289 silly packumentCache full:https://registry.npmjs.org/is-stream set size:undefined disposed:false
290 http fetch GET 200 https://registry.npmjs.org/onetime 75ms (cache miss)
291 silly packumentCache full:https://registry.npmjs.org/onetime set size:undefined disposed:false
292 http fetch GET 200 https://registry.npmjs.org/cross-spawn 72ms (cache miss)
293 silly packumentCache full:https://registry.npmjs.org/cross-spawn set size:undefined disposed:false
294 http fetch GET 200 https://registry.npmjs.org/get-stream 75ms (cache miss)
295 silly packumentCache full:https://registry.npmjs.org/get-stream set size:undefined disposed:false
296 http fetch GET 200 https://registry.npmjs.org/strip-final-newline 111ms (cache miss)
297 silly packumentCache full:https://registry.npmjs.org/strip-final-newline set size:undefined disposed:false
298 http fetch GET 200 https://registry.npmjs.org/signal-exit 114ms (cache miss)
299 silly packumentCache full:https://registry.npmjs.org/signal-exit set size:undefined disposed:false
300 http fetch GET 200 https://registry.npmjs.org/npm-run-path 114ms (cache miss)
301 silly packumentCache full:https://registry.npmjs.org/npm-run-path set size:undefined disposed:false
302 http fetch GET 200 https://registry.npmjs.org/merge-stream 116ms (cache miss)
303 silly packumentCache full:https://registry.npmjs.org/merge-stream set size:undefined disposed:false
304 http fetch GET 200 https://registry.npmjs.org/human-signals 117ms (cache miss)
305 silly packumentCache full:https://registry.npmjs.org/human-signals set size:undefined disposed:false
306 http fetch GET 200 https://registry.npmjs.org/is-docker 126ms (cache miss)
307 silly packumentCache full:https://registry.npmjs.org/is-docker set size:undefined disposed:false
308 silly placeDep node_modules/serve accepts@1.3.8 OK for: compression@1.7.4 want: ~1.3.5
309 silly placeDep node_modules/serve bytes@3.0.0 OK for: compression@1.7.4 want: 3.0.0
310 silly placeDep node_modules/serve compressible@2.0.18 OK for: compression@1.7.4 want: ~2.0.16
311 silly placeDep node_modules/serve debug@2.6.9 OK for: compression@1.7.4 want: 2.6.9
312 silly placeDep node_modules/serve on-headers@1.0.2 OK for: compression@1.7.4 want: ~1.0.2
313 silly placeDep node_modules/serve safe-buffer@5.1.2 OK for: compression@1.7.4 want: 5.1.2
314 silly placeDep node_modules/serve vary@1.1.2 OK for: compression@1.7.4 want: ~1.1.2
315 silly fetch manifest mime-types@~2.1.34
316 silly packumentCache full:https://registry.npmjs.org/mime-types cache-miss
317 silly fetch manifest negotiator@0.6.3
318 silly packumentCache full:https://registry.npmjs.org/negotiator cache-miss
319 silly fetch manifest mime-db@>= 1.43.0 < 2
320 silly packumentCache full:https://registry.npmjs.org/mime-db cache-miss
321 silly fetch manifest ms@2.0.0
322 silly packumentCache full:https://registry.npmjs.org/ms cache-miss
323 http fetch GET 200 https://registry.npmjs.org/mime-types 17ms (cache hit)
324 silly packumentCache full:https://registry.npmjs.org/mime-types set size:131008 disposed:false
325 http fetch GET 200 https://registry.npmjs.org/negotiator 45ms (cache miss)
326 silly packumentCache full:https://registry.npmjs.org/negotiator set size:undefined disposed:false
327 http fetch GET 200 https://registry.npmjs.org/mime-db 67ms (cache miss)
328 silly packumentCache full:https://registry.npmjs.org/mime-db set size:undefined disposed:false
329 http fetch GET 200 https://registry.npmjs.org/ms 83ms (cache miss)
330 silly packumentCache full:https://registry.npmjs.org/ms set size:undefined disposed:false
331 silly placeDep node_modules/serve mime-types@2.1.35 OK for: accepts@1.3.8 want: ~2.1.34
332 silly placeDep node_modules/serve negotiator@0.6.3 OK for: accepts@1.3.8 want: 0.6.3
333 silly fetch manifest mime-db@1.52.0
334 silly packumentCache full:https://registry.npmjs.org/mime-db cache-miss
335 http fetch GET 200 https://registry.npmjs.org/mime-db 6ms (cache hit)
336 silly packumentCache full:https://registry.npmjs.org/mime-db set size:161952 disposed:false
337 silly placeDep node_modules/serve mime-db@1.53.0 OK for: compressible@2.0.18 want: >= 1.43.0 < 2
338 silly placeDep node_modules/serve ms@2.0.0 OK for: debug@2.6.9 want: 2.0.0
339 silly placeDep node_modules/serve cross-spawn@7.0.3 OK for: execa@5.1.1 want: ^7.0.3
340 silly placeDep node_modules/serve get-stream@6.0.1 OK for: execa@5.1.1 want: ^6.0.0
341 silly placeDep node_modules/serve human-signals@2.1.0 OK for: execa@5.1.1 want: ^2.1.0
342 silly placeDep node_modules/serve is-stream@2.0.1 OK for: execa@5.1.1 want: ^2.0.0
343 silly placeDep node_modules/serve merge-stream@2.0.0 OK for: execa@5.1.1 want: ^2.0.0
344 silly placeDep node_modules/serve npm-run-path@4.0.1 OK for: execa@5.1.1 want: ^4.0.1
345 silly placeDep node_modules/serve onetime@5.1.2 OK for: execa@5.1.1 want: ^5.1.2
346 silly placeDep node_modules/serve signal-exit@3.0.7 OK for: execa@5.1.1 want: ^3.0.3
347 silly placeDep node_modules/serve strip-final-newline@2.0.0 OK for: execa@5.1.1 want: ^2.0.0
348 silly fetch manifest path-key@^3.1.0
349 silly packumentCache full:https://registry.npmjs.org/path-key cache-miss
350 silly fetch manifest shebang-command@^2.0.0
351 silly packumentCache full:https://registry.npmjs.org/shebang-command cache-miss
352 silly fetch manifest which@^2.0.1
353 silly packumentCache full:https://registry.npmjs.org/which cache-miss
354 silly fetch manifest path-key@^3.0.0
355 silly packumentCache full:https://registry.npmjs.org/path-key cache-miss
356 silly fetch manifest mimic-fn@^2.1.0
357 silly packumentCache full:https://registry.npmjs.org/mimic-fn cache-miss
358 http fetch GET 200 https://registry.npmjs.org/shebang-command 51ms (cache miss)
359 silly packumentCache full:https://registry.npmjs.org/shebang-command set size:undefined disposed:false
360 http fetch GET 200 https://registry.npmjs.org/path-key 53ms (cache miss)
361 silly packumentCache full:https://registry.npmjs.org/path-key set size:undefined disposed:false
362 http fetch GET 200 https://registry.npmjs.org/which 61ms (cache miss)
363 silly packumentCache full:https://registry.npmjs.org/which set size:undefined disposed:false
364 http fetch GET 200 https://registry.npmjs.org/mimic-fn 68ms (cache miss)
365 silly packumentCache full:https://registry.npmjs.org/mimic-fn set size:undefined disposed:false
366 http fetch GET 200 https://registry.npmjs.org/path-key 83ms (cache miss)
367 silly packumentCache full:https://registry.npmjs.org/path-key set size:undefined disposed:false
368 silly placeDep node_modules/serve path-key@3.1.1 OK for: cross-spawn@7.0.3 want: ^3.1.0
369 silly placeDep node_modules/serve shebang-command@2.0.0 OK for: cross-spawn@7.0.3 want: ^2.0.0
370 silly placeDep node_modules/serve which@2.0.2 OK for: cross-spawn@7.0.3 want: ^2.0.1
371 silly fetch manifest shebang-regex@^3.0.0
372 silly packumentCache full:https://registry.npmjs.org/shebang-regex cache-miss
373 silly fetch manifest isexe@^2.0.0
374 silly packumentCache full:https://registry.npmjs.org/isexe cache-miss
375 http fetch GET 200 https://registry.npmjs.org/isexe 45ms (cache miss)
376 silly packumentCache full:https://registry.npmjs.org/isexe set size:undefined disposed:false
377 http fetch GET 200 https://registry.npmjs.org/shebang-regex 51ms (cache miss)
378 silly packumentCache full:https://registry.npmjs.org/shebang-regex set size:undefined disposed:false
379 silly placeDep node_modules/serve is-docker@2.2.1 OK for: is-wsl@2.2.0 want: ^2.0.0
380 silly placeDep node_modules/serve/node_modules/mime-types mime-db@1.52.0 OK for: mime-types@2.1.35 want: 1.52.0
381 silly placeDep node_modules/serve mimic-fn@2.1.0 OK for: onetime@5.1.2 want: ^2.1.0
382 silly placeDep node_modules/serve content-disposition@0.5.2 OK for: serve-handler@6.1.5 want: 0.5.2
383 silly placeDep node_modules/serve fast-url-parser@1.1.3 OK for: serve-handler@6.1.5 want: 1.1.3
384 silly placeDep node_modules/serve/node_modules/serve-handler mime-types@2.1.18 OK for: serve-handler@6.1.5 want: 2.1.18
385 silly placeDep node_modules/serve minimatch@3.1.2 OK for: serve-handler@6.1.5 want: 3.1.2
386 silly placeDep node_modules/serve path-is-inside@1.0.2 OK for: serve-handler@6.1.5 want: 1.0.2
387 silly placeDep node_modules/serve path-to-regexp@2.2.1 OK for: serve-handler@6.1.5 want: 2.2.1
388 silly placeDep node_modules/serve range-parser@1.2.0 OK for: serve-handler@6.1.5 want: 1.2.0
389 silly fetch manifest punycode@^1.3.2
390 silly packumentCache full:https://registry.npmjs.org/punycode cache-miss
391 silly fetch manifest mime-db@~1.33.0
392 silly packumentCache full:https://registry.npmjs.org/mime-db cache-hit
393 silly fetch manifest brace-expansion@^1.1.7
394 silly packumentCache full:https://registry.npmjs.org/brace-expansion cache-miss
395 http fetch GET 200 https://registry.npmjs.org/punycode 9ms (cache hit)
396 silly packumentCache full:https://registry.npmjs.org/punycode set size:61302 disposed:false
397 http fetch GET 200 https://registry.npmjs.org/brace-expansion 67ms (cache miss)
398 silly packumentCache full:https://registry.npmjs.org/brace-expansion set size:undefined disposed:false
399 silly placeDep node_modules/serve punycode@1.4.1 OK for: fast-url-parser@1.1.3 want: ^1.3.2
400 silly placeDep node_modules/serve brace-expansion@1.1.11 OK for: minimatch@3.1.2 want: ^1.1.7
401 silly fetch manifest balanced-match@^1.0.0
402 silly packumentCache full:https://registry.npmjs.org/balanced-match cache-miss
403 silly fetch manifest concat-map@0.0.1
404 silly packumentCache full:https://registry.npmjs.org/concat-map cache-miss
405 http fetch GET 200 https://registry.npmjs.org/balanced-match 53ms (cache miss)
406 silly packumentCache full:https://registry.npmjs.org/balanced-match set size:undefined disposed:false
407 http fetch GET 200 https://registry.npmjs.org/concat-map 54ms (cache miss)
408 silly packumentCache full:https://registry.npmjs.org/concat-map set size:undefined disposed:false
409 silly placeDep node_modules/serve balanced-match@1.0.2 OK for: brace-expansion@1.1.11 want: ^1.0.0
410 silly placeDep node_modules/serve concat-map@0.0.1 OK for: brace-expansion@1.1.11 want: 0.0.1
411 silly placeDep node_modules/serve shebang-regex@3.0.0 OK for: shebang-command@2.0.0 want: ^3.0.0
412 silly placeDep node_modules/serve eastasianwidth@0.2.0 OK for: string-width@5.1.2 want: ^0.2.0
413 silly placeDep node_modules/serve emoji-regex@9.2.2 OK for: string-width@5.1.2 want: ^9.2.2
414 silly placeDep node_modules/serve strip-ansi@7.1.0 OK for: string-width@5.1.2 want: ^7.0.1
415 silly fetch manifest ansi-regex@^6.0.1
416 silly packumentCache full:https://registry.npmjs.org/ansi-regex cache-miss
417 http fetch GET 200 https://registry.npmjs.org/ansi-regex 64ms (cache miss)
418 silly packumentCache full:https://registry.npmjs.org/ansi-regex set size:undefined disposed:false
419 silly placeDep node_modules/serve ansi-regex@6.0.1 OK for: strip-ansi@7.1.0 want: ^6.0.1
420 silly placeDep node_modules/serve registry-auth-token@3.3.2 OK for: update-check@1.5.4 want: 3.3.2
421 silly placeDep node_modules/serve registry-url@3.1.0 OK for: update-check@1.5.4 want: 3.1.0
422 silly fetch manifest rc@^1.1.6
423 silly packumentCache full:https://registry.npmjs.org/rc cache-miss
424 silly fetch manifest rc@^1.0.1
425 silly packumentCache full:https://registry.npmjs.org/rc cache-miss
426 http fetch GET 200 https://registry.npmjs.org/rc 57ms (cache miss)
427 silly packumentCache full:https://registry.npmjs.org/rc set size:undefined disposed:false
428 http fetch GET 200 https://registry.npmjs.org/rc 59ms (cache miss)
429 silly packumentCache full:https://registry.npmjs.org/rc set size:undefined disposed:false
430 silly placeDep node_modules/serve rc@1.2.8 OK for: registry-auth-token@3.3.2 want: ^1.1.6
431 silly fetch manifest deep-extend@^0.6.0
432 silly packumentCache full:https://registry.npmjs.org/deep-extend cache-miss
433 silly fetch manifest ini@~1.3.0
434 silly packumentCache full:https://registry.npmjs.org/ini cache-miss
435 silly fetch manifest minimist@^1.2.0
436 silly packumentCache full:https://registry.npmjs.org/minimist cache-miss
437 silly fetch manifest strip-json-comments@~2.0.1
438 silly packumentCache full:https://registry.npmjs.org/strip-json-comments cache-miss
439 http fetch GET 200 https://registry.npmjs.org/deep-extend 56ms (cache miss)
440 silly packumentCache full:https://registry.npmjs.org/deep-extend set size:undefined disposed:false
441 http fetch GET 200 https://registry.npmjs.org/strip-json-comments 62ms (cache miss)
442 silly packumentCache full:https://registry.npmjs.org/strip-json-comments set size:undefined disposed:false
443 http fetch GET 200 https://registry.npmjs.org/minimist 65ms (cache miss)
444 silly packumentCache full:https://registry.npmjs.org/minimist set size:undefined disposed:false
445 http fetch GET 200 https://registry.npmjs.org/ini 69ms (cache miss)
446 silly packumentCache full:https://registry.npmjs.org/ini set size:undefined disposed:false
447 silly placeDep node_modules/serve deep-extend@0.6.0 OK for: rc@1.2.8 want: ^0.6.0
448 silly placeDep node_modules/serve ini@1.3.8 OK for: rc@1.2.8 want: ~1.3.0
449 silly placeDep node_modules/serve minimist@1.2.8 OK for: rc@1.2.8 want: ^1.2.0
450 silly placeDep node_modules/serve strip-json-comments@2.0.1 OK for: rc@1.2.8 want: ~2.0.1
451 silly placeDep node_modules/serve/node_modules/uri-js punycode@2.3.1 OK for: uri-js@4.4.1 want: ^2.1.0
452 silly placeDep node_modules/serve isexe@2.0.0 OK for: which@2.0.2 want: ^2.0.0
453 silly placeDep node_modules/serve ansi-styles@6.2.1 OK for: wrap-ansi@8.1.0 want: ^6.1.0
454 silly placeDep node_modules/serve/node_modules/ansi-align emoji-regex@8.0.0 OK for: string-width@4.2.3 want: ^8.0.0
455 silly placeDep node_modules/serve is-fullwidth-code-point@3.0.0 OK for: string-width@4.2.3 want: ^3.0.0
456 silly placeDep node_modules/serve/node_modules/ansi-align strip-ansi@6.0.1 OK for: string-width@4.2.3 want: ^6.0.1
457 silly fetch manifest ansi-regex@^5.0.1
458 silly packumentCache full:https://registry.npmjs.org/ansi-regex cache-miss
459 http fetch GET 200 https://registry.npmjs.org/ansi-regex 11ms (cache hit)
460 silly packumentCache full:https://registry.npmjs.org/ansi-regex set size:45233 disposed:false
461 silly placeDep node_modules/serve/node_modules/ansi-align ansi-regex@5.0.1 OK for: strip-ansi@6.0.1 want: ^5.0.1
462 silly placeDep node_modules/serve/node_modules/chalk-template ansi-styles@4.3.0 OK for: chalk@4.1.2 want: ^4.1.0
463 silly placeDep node_modules/serve supports-color@7.2.0 OK for: chalk@4.1.2 want: ^7.1.0
464 silly fetch manifest color-convert@^2.0.1
465 silly packumentCache full:https://registry.npmjs.org/color-convert cache-miss
466 silly fetch manifest has-flag@^4.0.0
467 silly packumentCache full:https://registry.npmjs.org/has-flag cache-miss
468 http fetch GET 200 https://registry.npmjs.org/has-flag 55ms (cache miss)
469 silly packumentCache full:https://registry.npmjs.org/has-flag set size:undefined disposed:false
470 http fetch GET 200 https://registry.npmjs.org/color-convert 58ms (cache miss)
471 silly packumentCache full:https://registry.npmjs.org/color-convert set size:undefined disposed:false
472 silly placeDep node_modules/serve has-flag@4.0.0 OK for: supports-color@7.2.0 want: ^4.0.0
473 silly placeDep node_modules/serve color-convert@2.0.1 OK for: ansi-styles@4.3.0 want: ^2.0.1
474 silly fetch manifest color-name@~1.1.4
475 silly packumentCache full:https://registry.npmjs.org/color-name cache-miss
476 http fetch GET 200 https://registry.npmjs.org/color-name 50ms (cache miss)
477 silly packumentCache full:https://registry.npmjs.org/color-name set size:undefined disposed:false
478 silly placeDep node_modules/serve color-name@1.1.4 OK for: color-convert@2.0.1 want: ~1.1.4
479 silly placeDep node_modules/serve/node_modules/serve-handler mime-db@1.33.0 OK for: mime-types@2.1.18 want: ~1.33.0
480 silly reify moves {}
481 silly tarball no local data for color-name@https://registry.npmjs.org/color-name/-/color-name-1.1.4.tgz. Extracting by manifest.
482 silly tarball no local data for serve@https://registry.npmjs.org/serve/-/serve-14.2.3.tgz. Extracting by manifest.
483 silly tarball no local data for ansi-styles@https://registry.npmjs.org/ansi-styles/-/ansi-styles-6.2.1.tgz. Extracting by manifest.
484 silly tarball no local data for is-fullwidth-code-point@https://registry.npmjs.org/is-fullwidth-code-point/-/is-fullwidth-code-point-3.0.0.tgz. Extracting by manifest.
485 silly tarball no local data for supports-color@https://registry.npmjs.org/supports-color/-/supports-color-7.2.0.tgz. Extracting by manifest.
486 silly tarball no local data for has-flag@https://registry.npmjs.org/has-flag/-/has-flag-4.0.0.tgz. Extracting by manifest.
487 silly tarball no local data for strip-json-comments@https://registry.npmjs.org/strip-json-comments/-/strip-json-comments-2.0.1.tgz. Extracting by manifest.
488 silly tarball no local data for rc@https://registry.npmjs.org/rc/-/rc-1.2.8.tgz. Extracting by manifest.
489 silly tarball no local data for isexe@https://registry.npmjs.org/isexe/-/isexe-2.0.0.tgz. Extracting by manifest.
490 silly tarball no local data for ini@https://registry.npmjs.org/ini/-/ini-1.3.8.tgz. Extracting by manifest.
491 silly tarball no local data for minimist@https://registry.npmjs.org/minimist/-/minimist-1.2.8.tgz. Extracting by manifest.
492 silly tarball no local data for color-convert@https://registry.npmjs.org/color-convert/-/color-convert-2.0.1.tgz. Extracting by manifest.
493 silly tarball no local data for registry-url@https://registry.npmjs.org/registry-url/-/registry-url-3.1.0.tgz. Extracting by manifest.
494 silly tarball no local data for strip-ansi@https://registry.npmjs.org/strip-ansi/-/strip-ansi-7.1.0.tgz. Extracting by manifest.
495 silly tarball no local data for ansi-regex@https://registry.npmjs.org/ansi-regex/-/ansi-regex-6.0.1.tgz. Extracting by manifest.
496 silly tarball no local data for deep-extend@https://registry.npmjs.org/deep-extend/-/deep-extend-0.6.0.tgz. Extracting by manifest.
497 silly tarball no local data for emoji-regex@https://registry.npmjs.org/emoji-regex/-/emoji-regex-9.2.2.tgz. Extracting by manifest.
498 silly tarball no local data for concat-map@https://registry.npmjs.org/concat-map/-/concat-map-0.0.1.tgz. Extracting by manifest.
499 silly tarball no local data for registry-auth-token@https://registry.npmjs.org/registry-auth-token/-/registry-auth-token-3.3.2.tgz. Extracting by manifest.
500 silly tarball no local data for punycode@https://registry.npmjs.org/punycode/-/punycode-1.4.1.tgz. Extracting by manifest.
501 silly tarball no local data for shebang-regex@https://registry.npmjs.org/shebang-regex/-/shebang-regex-3.0.0.tgz. Extracting by manifest.
502 silly tarball no local data for eastasianwidth@https://registry.npmjs.org/eastasianwidth/-/eastasianwidth-0.2.0.tgz. Extracting by manifest.
503 silly tarball no local data for balanced-match@https://registry.npmjs.org/balanced-match/-/balanced-match-1.0.2.tgz. Extracting by manifest.
504 silly tarball no local data for minimatch@https://registry.npmjs.org/minimatch/-/minimatch-3.1.2.tgz. Extracting by manifest.
505 silly tarball no local data for range-parser@https://registry.npmjs.org/range-parser/-/range-parser-1.2.0.tgz. Extracting by manifest.
506 silly tarball no local data for fast-url-parser@https://registry.npmjs.org/fast-url-parser/-/fast-url-parser-1.1.3.tgz. Extracting by manifest.
507 silly tarball no local data for brace-expansion@https://registry.npmjs.org/brace-expansion/-/brace-expansion-1.1.11.tgz. Extracting by manifest.
508 silly tarball no local data for path-is-inside@https://registry.npmjs.org/path-is-inside/-/path-is-inside-1.0.2.tgz. Extracting by manifest.
509 silly tarball no local data for path-to-regexp@https://registry.npmjs.org/path-to-regexp/-/path-to-regexp-2.2.1.tgz. Extracting by manifest.
510 silly tarball no local data for mimic-fn@https://registry.npmjs.org/mimic-fn/-/mimic-fn-2.1.0.tgz. Extracting by manifest.
511 silly tarball no local data for content-disposition@https://registry.npmjs.org/content-disposition/-/content-disposition-0.5.2.tgz. Extracting by manifest.
512 silly tarball no local data for is-docker@https://registry.npmjs.org/is-docker/-/is-docker-2.2.1.tgz. Extracting by manifest.
513 silly tarball no local data for shebang-command@https://registry.npmjs.org/shebang-command/-/shebang-command-2.0.0.tgz. Extracting by manifest.
514 silly tarball no local data for strip-final-newline@https://registry.npmjs.org/strip-final-newline/-/strip-final-newline-2.0.0.tgz. Extracting by manifest.
515 silly tarball no local data for which@https://registry.npmjs.org/which/-/which-2.0.2.tgz. Extracting by manifest.
516 silly tarball no local data for onetime@https://registry.npmjs.org/onetime/-/onetime-5.1.2.tgz. Extracting by manifest.
517 silly tarball no local data for path-key@https://registry.npmjs.org/path-key/-/path-key-3.1.1.tgz. Extracting by manifest.
518 silly tarball no local data for signal-exit@https://registry.npmjs.org/signal-exit/-/signal-exit-3.0.7.tgz. Extracting by manifest.
519 silly tarball no local data for merge-stream@https://registry.npmjs.org/merge-stream/-/merge-stream-2.0.0.tgz. Extracting by manifest.
520 silly tarball no local data for is-stream@https://registry.npmjs.org/is-stream/-/is-stream-2.0.1.tgz. Extracting by manifest.
521 silly tarball no local data for npm-run-path@https://registry.npmjs.org/npm-run-path/-/npm-run-path-4.0.1.tgz. Extracting by manifest.
522 silly tarball no local data for human-signals@https://registry.npmjs.org/human-signals/-/human-signals-2.1.0.tgz. Extracting by manifest.
523 silly tarball no local data for get-stream@https://registry.npmjs.org/get-stream/-/get-stream-6.0.1.tgz. Extracting by manifest.
524 silly tarball no local data for ms@https://registry.npmjs.org/ms/-/ms-2.0.0.tgz. Extracting by manifest.
525 silly tarball no local data for cross-spawn@https://registry.npmjs.org/cross-spawn/-/cross-spawn-7.0.3.tgz. Extracting by manifest.
526 silly tarball no local data for mime-db@https://registry.npmjs.org/mime-db/-/mime-db-1.52.0.tgz. Extracting by manifest.
527 silly tarball no local data for mime-db@https://registry.npmjs.org/mime-db/-/mime-db-1.53.0.tgz. Extracting by manifest.
528 silly tarball no local data for safe-buffer@https://registry.npmjs.org/safe-buffer/-/safe-buffer-5.1.2.tgz. Extracting by manifest.
529 silly tarball no local data for negotiator@https://registry.npmjs.org/negotiator/-/negotiator-0.6.3.tgz. Extracting by manifest.
530 silly tarball no local data for mime-types@https://registry.npmjs.org/mime-types/-/mime-types-2.1.35.tgz. Extracting by manifest.
531 silly tarball no local data for vary@https://registry.npmjs.org/vary/-/vary-1.1.2.tgz. Extracting by manifest.
532 silly tarball no local data for on-headers@https://registry.npmjs.org/on-headers/-/on-headers-1.0.2.tgz. Extracting by manifest.
533 silly tarball no local data for accepts@https://registry.npmjs.org/accepts/-/accepts-1.3.8.tgz. Extracting by manifest.
534 silly tarball no local data for execa@https://registry.npmjs.org/execa/-/execa-5.1.1.tgz. Extracting by manifest.
535 silly tarball no local data for debug@https://registry.npmjs.org/debug/-/debug-2.6.9.tgz. Extracting by manifest.
536 silly tarball no local data for compressible@https://registry.npmjs.org/compressible/-/compressible-2.0.18.tgz. Extracting by manifest.
537 silly tarball no local data for is-wsl@https://registry.npmjs.org/is-wsl/-/is-wsl-2.2.0.tgz. Extracting by manifest.
538 silly tarball no local data for bytes@https://registry.npmjs.org/bytes/-/bytes-3.0.0.tgz. Extracting by manifest.
539 silly tarball no local data for wrap-ansi@https://registry.npmjs.org/wrap-ansi/-/wrap-ansi-8.1.0.tgz. Extracting by manifest.
540 silly tarball no local data for arch@https://registry.npmjs.org/arch/-/arch-2.2.0.tgz. Extracting by manifest.
541 silly tarball no local data for type-fest@https://registry.npmjs.org/type-fest/-/type-fest-2.19.0.tgz. Extracting by manifest.
542 silly tarball no local data for widest-line@https://registry.npmjs.org/widest-line/-/widest-line-4.0.1.tgz. Extracting by manifest.
543 silly tarball no local data for ansi-align@https://registry.npmjs.org/ansi-align/-/ansi-align-3.0.1.tgz. Extracting by manifest.
544 silly tarball no local data for camelcase@https://registry.npmjs.org/camelcase/-/camelcase-7.0.1.tgz. Extracting by manifest.
545 silly tarball no local data for string-width@https://registry.npmjs.org/string-width/-/string-width-5.1.2.tgz. Extracting by manifest.
546 silly tarball no local data for cli-boxes@https://registry.npmjs.org/cli-boxes/-/cli-boxes-3.0.0.tgz. Extracting by manifest.
547 silly tarball no local data for ansi-regex@https://registry.npmjs.org/ansi-regex/-/ansi-regex-5.0.1.tgz. Extracting by manifest.
548 silly tarball no local data for emoji-regex@https://registry.npmjs.org/emoji-regex/-/emoji-regex-8.0.0.tgz. Extracting by manifest.
549 silly tarball no local data for punycode@https://registry.npmjs.org/punycode/-/punycode-2.3.1.tgz. Extracting by manifest.
550 silly tarball no local data for fast-deep-equal@https://registry.npmjs.org/fast-deep-equal/-/fast-deep-equal-3.1.3.tgz. Extracting by manifest.
551 silly tarball no local data for string-width@https://registry.npmjs.org/string-width/-/string-width-4.2.3.tgz. Extracting by manifest.
552 silly tarball no local data for strip-ansi@https://registry.npmjs.org/strip-ansi/-/strip-ansi-6.0.1.tgz. Extracting by manifest.
553 silly tarball no local data for update-check@https://registry.npmjs.org/update-check/-/update-check-1.5.4.tgz. Extracting by manifest.
554 silly tarball no local data for uri-js@https://registry.npmjs.org/uri-js/-/uri-js-4.4.1.tgz. Extracting by manifest.
555 silly tarball no local data for mime-db@https://registry.npmjs.org/mime-db/-/mime-db-1.33.0.tgz. Extracting by manifest.
556 silly tarball no local data for serve-handler@https://registry.npmjs.org/serve-handler/-/serve-handler-6.1.5.tgz. Extracting by manifest.
557 silly tarball no local data for require-from-string@https://registry.npmjs.org/require-from-string/-/require-from-string-2.0.2.tgz. Extracting by manifest.
558 silly tarball no local data for is-port-reachable@https://registry.npmjs.org/is-port-reachable/-/is-port-reachable-4.0.0.tgz. Extracting by manifest.
559 silly tarball no local data for compression@https://registry.npmjs.org/compression/-/compression-1.7.4.tgz. Extracting by manifest.
560 silly tarball no local data for mime-types@https://registry.npmjs.org/mime-types/-/mime-types-2.1.18.tgz. Extracting by manifest.
561 silly tarball no local data for ansi-styles@https://registry.npmjs.org/ansi-styles/-/ansi-styles-4.3.0.tgz. Extracting by manifest.
562 silly tarball no local data for clipboardy@https://registry.npmjs.org/clipboardy/-/clipboardy-3.0.0.tgz. Extracting by manifest.
563 silly tarball no local data for json-schema-traverse@https://registry.npmjs.org/json-schema-traverse/-/json-schema-traverse-1.0.0.tgz. Extracting by manifest.
564 silly tarball no local data for chalk@https://registry.npmjs.org/chalk/-/chalk-4.1.2.tgz. Extracting by manifest.
565 silly tarball no local data for chalk@https://registry.npmjs.org/chalk/-/chalk-5.0.1.tgz. Extracting by manifest.
566 silly tarball no local data for arg@https://registry.npmjs.org/arg/-/arg-5.0.2.tgz. Extracting by manifest.
567 silly tarball no local data for ajv@https://registry.npmjs.org/ajv/-/ajv-8.12.0.tgz. Extracting by manifest.
568 silly tarball no local data for chalk-template@https://registry.npmjs.org/chalk-template/-/chalk-template-0.4.0.tgz. Extracting by manifest.
569 silly tarball no local data for @zeit/schemas@https://registry.npmjs.org/@zeit/schemas/-/schemas-2.36.0.tgz. Extracting by manifest.
570 silly tarball no local data for boxen@https://registry.npmjs.org/boxen/-/boxen-7.0.0.tgz. Extracting by manifest.
571 http fetch GET 200 https://registry.npmjs.org/color-name/-/color-name-1.1.4.tgz 279ms (cache miss)
572 http fetch GET 200 https://registry.npmjs.org/strip-json-comments/-/strip-json-comments-2.0.1.tgz 289ms (cache miss)
573 http fetch GET 200 https://registry.npmjs.org/is-fullwidth-code-point/-/is-fullwidth-code-point-3.0.0.tgz 309ms (cache miss)
574 http fetch GET 200 https://registry.npmjs.org/has-flag/-/has-flag-4.0.0.tgz 308ms (cache miss)
575 http fetch GET 200 https://registry.npmjs.org/supports-color/-/supports-color-7.2.0.tgz 324ms (cache miss)
576 http fetch GET 200 https://registry.npmjs.org/ansi-styles/-/ansi-styles-6.2.1.tgz 325ms (cache miss)
577 http fetch GET 200 https://registry.npmjs.org/isexe/-/isexe-2.0.0.tgz 323ms (cache miss)
578 http fetch GET 200 https://registry.npmjs.org/ini/-/ini-1.3.8.tgz 330ms (cache miss)
579 http fetch GET 200 https://registry.npmjs.org/serve/-/serve-14.2.3.tgz 341ms (cache miss)
580 http fetch GET 200 https://registry.npmjs.org/eastasianwidth/-/eastasianwidth-0.2.0.tgz 331ms (cache miss)
581 http fetch GET 200 https://registry.npmjs.org/balanced-match/-/balanced-match-1.0.2.tgz 329ms (cache miss)
582 http fetch GET 200 https://registry.npmjs.org/deep-extend/-/deep-extend-0.6.0.tgz 349ms (cache miss)
583 http fetch GET 200 https://registry.npmjs.org/minimatch/-/minimatch-3.1.2.tgz 346ms (cache miss)
584 http fetch GET 200 https://registry.npmjs.org/concat-map/-/concat-map-0.0.1.tgz 351ms (cache miss)
585 http fetch GET 200 https://registry.npmjs.org/shebang-regex/-/shebang-regex-3.0.0.tgz 392ms (cache miss)
586 http fetch GET 200 https://registry.npmjs.org/fast-url-parser/-/fast-url-parser-1.1.3.tgz 387ms (cache miss)
587 http fetch GET 200 https://registry.npmjs.org/brace-expansion/-/brace-expansion-1.1.11.tgz 396ms (cache miss)
588 http fetch GET 200 https://registry.npmjs.org/range-parser/-/range-parser-1.2.0.tgz 397ms (cache miss)
589 http fetch GET 200 https://registry.npmjs.org/punycode/-/punycode-1.4.1.tgz 407ms (cache miss)
590 http fetch GET 200 https://registry.npmjs.org/strip-ansi/-/strip-ansi-7.1.0.tgz 410ms (cache miss)
591 http fetch GET 200 https://registry.npmjs.org/shebang-command/-/shebang-command-2.0.0.tgz 398ms (cache miss)
592 http fetch GET 200 https://registry.npmjs.org/ansi-regex/-/ansi-regex-6.0.1.tgz 414ms (cache miss)
593 http fetch GET 200 https://registry.npmjs.org/path-is-inside/-/path-is-inside-1.0.2.tgz 404ms (cache miss)
594 http fetch GET 200 https://registry.npmjs.org/is-docker/-/is-docker-2.2.1.tgz 434ms (cache miss)
595 http fetch GET 200 https://registry.npmjs.org/registry-url/-/registry-url-3.1.0.tgz 454ms (cache miss)
596 http fetch GET 200 https://registry.npmjs.org/strip-final-newline/-/strip-final-newline-2.0.0.tgz 483ms (cache miss)
597 http fetch GET 200 https://registry.npmjs.org/path-key/-/path-key-3.1.1.tgz 482ms (cache miss)
598 http fetch GET 200 https://registry.npmjs.org/mimic-fn/-/mimic-fn-2.1.0.tgz 495ms (cache miss)
599 http fetch GET 200 https://registry.npmjs.org/onetime/-/onetime-5.1.2.tgz 504ms (cache miss)
600 http fetch GET 200 https://registry.npmjs.org/content-disposition/-/content-disposition-0.5.2.tgz 514ms (cache miss)
601 http fetch GET 200 https://registry.npmjs.org/npm-run-path/-/npm-run-path-4.0.1.tgz 519ms (cache miss)
602 http fetch GET 200 https://registry.npmjs.org/ms/-/ms-2.0.0.tgz 518ms (cache miss)
603 http fetch GET 200 https://registry.npmjs.org/is-stream/-/is-stream-2.0.1.tgz 519ms (cache miss)
604 http fetch GET 200 https://registry.npmjs.org/cross-spawn/-/cross-spawn-7.0.3.tgz 519ms (cache miss)
605 http fetch GET 200 https://registry.npmjs.org/negotiator/-/negotiator-0.6.3.tgz 517ms (cache miss)
606 http fetch GET 200 https://registry.npmjs.org/human-signals/-/human-signals-2.1.0.tgz 532ms (cache miss)
607 http fetch GET 200 https://registry.npmjs.org/vary/-/vary-1.1.2.tgz 532ms (cache miss)
608 http fetch GET 200 https://registry.npmjs.org/signal-exit/-/signal-exit-3.0.7.tgz 546ms (cache miss)
609 http fetch GET 200 https://registry.npmjs.org/path-to-regexp/-/path-to-regexp-2.2.1.tgz 563ms (cache miss)
610 http fetch GET 200 https://registry.npmjs.org/merge-stream/-/merge-stream-2.0.0.tgz 567ms (cache miss)
611 http fetch GET 200 https://registry.npmjs.org/safe-buffer/-/safe-buffer-5.1.2.tgz 565ms (cache miss)
612 http fetch GET 200 https://registry.npmjs.org/mime-types/-/mime-types-2.1.35.tgz 568ms (cache miss)
613 http fetch GET 200 https://registry.npmjs.org/on-headers/-/on-headers-1.0.2.tgz 569ms (cache miss)
614 http fetch GET 200 https://registry.npmjs.org/which/-/which-2.0.2.tgz 584ms (cache miss)
615 http fetch GET 200 https://registry.npmjs.org/is-wsl/-/is-wsl-2.2.0.tgz 570ms (cache miss)
616 http fetch GET 200 https://registry.npmjs.org/ansi-regex/-/ansi-regex-5.0.1.tgz 566ms (cache miss)
617 http fetch GET 200 https://registry.npmjs.org/wrap-ansi/-/wrap-ansi-8.1.0.tgz 571ms (cache miss)
618 http fetch GET 200 https://registry.npmjs.org/compressible/-/compressible-2.0.18.tgz 577ms (cache miss)
619 http fetch GET 200 https://registry.npmjs.org/execa/-/execa-5.1.1.tgz 580ms (cache miss)
620 http fetch GET 200 https://registry.npmjs.org/get-stream/-/get-stream-6.0.1.tgz 594ms (cache miss)
621 http fetch GET 200 https://registry.npmjs.org/bytes/-/bytes-3.0.0.tgz 583ms (cache miss)
622 http fetch GET 200 https://registry.npmjs.org/cli-boxes/-/cli-boxes-3.0.0.tgz 580ms (cache miss)
623 http fetch GET 200 https://registry.npmjs.org/camelcase/-/camelcase-7.0.1.tgz 582ms (cache miss)
624 http fetch GET 200 https://registry.npmjs.org/widest-line/-/widest-line-4.0.1.tgz 586ms (cache miss)
625 http fetch GET 200 https://registry.npmjs.org/string-width/-/string-width-5.1.2.tgz 590ms (cache miss)
626 http fetch GET 200 https://registry.npmjs.org/ansi-align/-/ansi-align-3.0.1.tgz 591ms (cache miss)
627 http fetch GET 200 https://registry.npmjs.org/fast-deep-equal/-/fast-deep-equal-3.1.3.tgz 588ms (cache miss)
628 http fetch GET 200 https://registry.npmjs.org/color-convert/-/color-convert-2.0.1.tgz 626ms (cache miss)
629 http fetch GET 200 https://registry.npmjs.org/punycode/-/punycode-2.3.1.tgz 600ms (cache miss)
630 http fetch GET 200 https://registry.npmjs.org/require-from-string/-/require-from-string-2.0.2.tgz 599ms (cache miss)
631 http fetch GET 200 https://registry.npmjs.org/strip-ansi/-/strip-ansi-6.0.1.tgz 604ms (cache miss)
632 http fetch GET 200 https://registry.npmjs.org/arch/-/arch-2.2.0.tgz 615ms (cache miss)
633 http fetch GET 200 https://registry.npmjs.org/mime-types/-/mime-types-2.1.18.tgz 607ms (cache miss)
634 http fetch GET 200 https://registry.npmjs.org/chalk/-/chalk-4.1.2.tgz 605ms (cache miss)
635 http fetch GET 200 https://registry.npmjs.org/chalk/-/chalk-5.0.1.tgz 606ms (cache miss)
636 http fetch GET 200 https://registry.npmjs.org/rc/-/rc-1.2.8.tgz 658ms (cache miss)
637 http fetch GET 200 https://registry.npmjs.org/registry-auth-token/-/registry-auth-token-3.3.2.tgz 653ms (cache miss)
638 http fetch GET 200 https://registry.npmjs.org/compression/-/compression-1.7.4.tgz 616ms (cache miss)
639 http fetch GET 200 https://registry.npmjs.org/json-schema-traverse/-/json-schema-traverse-1.0.0.tgz 611ms (cache miss)
640 http fetch GET 200 https://registry.npmjs.org/string-width/-/string-width-4.2.3.tgz 621ms (cache miss)
641 http fetch GET 200 https://registry.npmjs.org/is-port-reachable/-/is-port-reachable-4.0.0.tgz 619ms (cache miss)
642 http fetch GET 200 https://registry.npmjs.org/accepts/-/accepts-1.3.8.tgz 635ms (cache miss)
643 http fetch GET 200 https://registry.npmjs.org/arg/-/arg-5.0.2.tgz 617ms (cache miss)
644 http fetch GET 200 https://registry.npmjs.org/ansi-styles/-/ansi-styles-4.3.0.tgz 625ms (cache miss)
645 http fetch GET 200 https://registry.npmjs.org/boxen/-/boxen-7.0.0.tgz 625ms (cache miss)
646 http fetch GET 200 https://registry.npmjs.org/mime-db/-/mime-db-1.52.0.tgz 659ms (cache miss)
647 http fetch GET 200 https://registry.npmjs.org/chalk-template/-/chalk-template-0.4.0.tgz 631ms (cache miss)
648 http fetch GET 200 https://registry.npmjs.org/mime-db/-/mime-db-1.53.0.tgz 661ms (cache miss)
649 http fetch GET 200 https://registry.npmjs.org/update-check/-/update-check-1.5.4.tgz 647ms (cache miss)
650 http fetch GET 200 https://registry.npmjs.org/serve-handler/-/serve-handler-6.1.5.tgz 651ms (cache miss)
651 http fetch GET 200 https://registry.npmjs.org/mime-db/-/mime-db-1.33.0.tgz 655ms (cache miss)
652 http fetch GET 200 https://registry.npmjs.org/emoji-regex/-/emoji-regex-8.0.0.tgz 661ms (cache miss)
653 http fetch GET 200 https://registry.npmjs.org/emoji-regex/-/emoji-regex-9.2.2.tgz 701ms (cache miss)
654 http fetch GET 200 https://registry.npmjs.org/@zeit/schemas/-/schemas-2.36.0.tgz 681ms (cache miss)
655 http fetch GET 200 https://registry.npmjs.org/debug/-/debug-2.6.9.tgz 702ms (cache miss)
656 http fetch GET 200 https://registry.npmjs.org/minimist/-/minimist-1.2.8.tgz 735ms (cache miss)
657 http fetch GET 200 https://registry.npmjs.org/clipboardy/-/clipboardy-3.0.0.tgz 742ms (cache miss)
658 http fetch GET 200 https://registry.npmjs.org/uri-js/-/uri-js-4.4.1.tgz 764ms (cache miss)
659 http fetch GET 200 https://registry.npmjs.org/type-fest/-/type-fest-2.19.0.tgz 799ms (cache miss)
660 http fetch GET 200 https://registry.npmjs.org/ajv/-/ajv-8.12.0.tgz 1158ms (cache miss)
661 silly ADD node_modules/serve
662 silly ADD node_modules/serve/node_modules/color-name
663 silly ADD node_modules/serve/node_modules/color-convert
664 silly ADD node_modules/serve/node_modules/has-flag
665 silly ADD node_modules/serve/node_modules/supports-color
666 silly ADD node_modules/serve/node_modules/is-fullwidth-code-point
667 silly ADD node_modules/serve/node_modules/ansi-styles
668 silly ADD node_modules/serve/node_modules/isexe
669 silly ADD node_modules/serve/node_modules/strip-json-comments
670 silly ADD node_modules/serve/node_modules/minimist
671 silly ADD node_modules/serve/node_modules/ini
672 silly ADD node_modules/serve/node_modules/deep-extend
673 silly ADD node_modules/serve/node_modules/rc
674 silly ADD node_modules/serve/node_modules/registry-url
675 silly ADD node_modules/serve/node_modules/registry-auth-token
676 silly ADD node_modules/serve/node_modules/ansi-regex
677 silly ADD node_modules/serve/node_modules/strip-ansi
678 silly ADD node_modules/serve/node_modules/emoji-regex
679 silly ADD node_modules/serve/node_modules/eastasianwidth
680 silly ADD node_modules/serve/node_modules/shebang-regex
681 silly ADD node_modules/serve/node_modules/concat-map
682 silly ADD node_modules/serve/node_modules/balanced-match
683 silly ADD node_modules/serve/node_modules/brace-expansion
684 silly ADD node_modules/serve/node_modules/punycode
685 silly ADD node_modules/serve/node_modules/range-parser
686 silly ADD node_modules/serve/node_modules/path-to-regexp
687 silly ADD node_modules/serve/node_modules/path-is-inside
688 silly ADD node_modules/serve/node_modules/minimatch
689 silly ADD node_modules/serve/node_modules/fast-url-parser
690 silly ADD node_modules/serve/node_modules/content-disposition
691 silly ADD node_modules/serve/node_modules/mimic-fn
692 silly ADD node_modules/serve/node_modules/is-docker
693 silly ADD node_modules/serve/node_modules/which
694 silly ADD node_modules/serve/node_modules/shebang-command
695 silly ADD node_modules/serve/node_modules/path-key
696 silly ADD node_modules/serve/node_modules/strip-final-newline
697 silly ADD node_modules/serve/node_modules/signal-exit
698 silly ADD node_modules/serve/node_modules/onetime
699 silly ADD node_modules/serve/node_modules/npm-run-path
700 silly ADD node_modules/serve/node_modules/merge-stream
701 silly ADD node_modules/serve/node_modules/is-stream
702 silly ADD node_modules/serve/node_modules/human-signals
703 silly ADD node_modules/serve/node_modules/get-stream
704 silly ADD node_modules/serve/node_modules/cross-spawn
705 silly ADD node_modules/serve/node_modules/ms
706 silly ADD node_modules/serve/node_modules/mime-db
707 silly ADD node_modules/serve/node_modules/negotiator
708 silly ADD node_modules/serve/node_modules/mime-types
709 silly ADD node_modules/serve/node_modules/mime-types/node_modules/mime-db
710 silly ADD node_modules/serve/node_modules/vary
711 silly ADD node_modules/serve/node_modules/safe-buffer
712 silly ADD node_modules/serve/node_modules/on-headers
713 silly ADD node_modules/serve/node_modules/debug
714 silly ADD node_modules/serve/node_modules/compressible
715 silly ADD node_modules/serve/node_modules/bytes
716 silly ADD node_modules/serve/node_modules/accepts
717 silly ADD node_modules/serve/node_modules/is-wsl
718 silly ADD node_modules/serve/node_modules/execa
719 silly ADD node_modules/serve/node_modules/arch
720 silly ADD node_modules/serve/node_modules/wrap-ansi
721 silly ADD node_modules/serve/node_modules/widest-line
722 silly ADD node_modules/serve/node_modules/type-fest
723 silly ADD node_modules/serve/node_modules/string-width
724 silly ADD node_modules/serve/node_modules/cli-boxes
725 silly ADD node_modules/serve/node_modules/camelcase
726 silly ADD node_modules/serve/node_modules/ansi-align
727 silly ADD node_modules/serve/node_modules/ansi-align/node_modules/ansi-regex
728 silly ADD node_modules/serve/node_modules/ansi-align/node_modules/strip-ansi
729 silly ADD node_modules/serve/node_modules/ansi-align/node_modules/emoji-regex
730 silly ADD node_modules/serve/node_modules/ansi-align/node_modules/string-width
731 silly ADD node_modules/serve/node_modules/uri-js
732 silly ADD node_modules/serve/node_modules/uri-js/node_modules/punycode
733 silly ADD node_modules/serve/node_modules/require-from-string
734 silly ADD node_modules/serve/node_modules/json-schema-traverse
735 silly ADD node_modules/serve/node_modules/fast-deep-equal
736 silly ADD node_modules/serve/node_modules/update-check
737 silly ADD node_modules/serve/node_modules/serve-handler
738 silly ADD node_modules/serve/node_modules/serve-handler/node_modules/mime-db
739 silly ADD node_modules/serve/node_modules/serve-handler/node_modules/mime-types
740 silly ADD node_modules/serve/node_modules/is-port-reachable
741 silly ADD node_modules/serve/node_modules/compression
742 silly ADD node_modules/serve/node_modules/clipboardy
743 silly ADD node_modules/serve/node_modules/chalk-template
744 silly ADD node_modules/serve/node_modules/chalk-template/node_modules/ansi-styles
745 silly ADD node_modules/serve/node_modules/chalk-template/node_modules/chalk
746 silly ADD node_modules/serve/node_modules/chalk
747 silly ADD node_modules/serve/node_modules/boxen
748 silly ADD node_modules/serve/node_modules/arg
749 silly ADD node_modules/serve/node_modules/ajv
750 silly ADD node_modules/serve/node_modules/@zeit/schemas
751 verbose cwd C:\Users\mikem\Desktop\Evangadi\Final-Projects\Functional-Scope-and-Design\Evangadi-Forum\client
752 verbose os Windows_NT 10.0.22631
753 verbose node v20.11.1
754 verbose npm  v10.8.2
755 verbose exit 0
756 info ok
