0 verbose cli C:\Program Files\nodejs\node.exe C:\Users\mikem\.npm-global\node_modules\npm\bin\npm-cli.js
1 info using npm@10.8.2
2 info using node@v20.11.1
3 silly config load:file:C:\Users\mikem\.npm-global\node_modules\npm\npmrc
4 silly config load:file:c:\Users\mikem\Desktop\Evangadi\Final-Projects\Functional-Scope-and-Design\Evangadi-Forum\client\.npmrc
5 silly config load:file:C:\Users\mikem\.npmrc
6 silly config load:file:C:\Users\mikem\.npm-global\etc\npmrc
7 verbose title npm view react-router-dom description dist-tags.latest homepage version time
8 verbose argv "view" "--json" "--" "react-router-dom" "description" "dist-tags.latest" "homepage" "version" "time"
9 verbose logfile logs-max:10 dir:C:\Users\mikem\Desktop\Evangadi\Final-Projects\Functional-Scope-and-Design\Evangadi-Forum\client\Usersmikem.npm\_logs\2024-07-25T01_07_48_234Z-
10 verbose logfile C:\Users\mikem\Desktop\Evangadi\Final-Projects\Functional-Scope-and-Design\Evangadi-Forum\client\Usersmikem.npm\_logs\2024-07-25T01_07_48_234Z-debug-0.log
11 silly logfile start cleaning logs, removing 2 files
12 silly logfile done cleaning log files
13 http fetch GET 200 https://registry.npmjs.org/react-router-dom 255ms (cache miss)
14 verbose cwd c:\Users\mikem\Desktop\Evangadi\Final-Projects\Functional-Scope-and-Design\Evangadi-Forum\client
15 verbose os Windows_NT 10.0.22631
16 verbose node v20.11.1
17 verbose npm  v10.8.2
18 verbose exit 0
19 info ok
